2026-04-08 14:02:15 | dashboard_api                  | INFO    | Dashboard API starting…
2026-04-08 14:02:15 | db                             | INFO    | DuckDB singleton connection opened → /Users/shark/alphaWork/projects/faralpha-quant-trader/db/market.duckdb
2026-04-08 14:02:15 | db                             | INFO    | Schema initialised
2026-04-08 14:02:15 | sync_prices                    | INFO    | [INDIA] No delisted stocks to purge
2026-04-08 14:02:15 | watchlist                      | INFO    | Watchlist: 23 candidates (down_days >= 3)
2026-04-08 14:02:16 | kite_intraday                  | INFO    | Loaded 9599 NSE instrument tokens
2026-04-08 14:02:16 | intraday_db                    | INFO    | Intraday DB opened → /Users/shark/alphaWork/projects/faralpha-quant-trader/db/intraday.duckdb
2026-04-08 14:02:17 | watchlist                      | INFO    | Watchlist with tokens: 23 stocks ready for live monitoring
2026-04-08 14:02:17 | dashboard_api                  | INFO    | Auto-start: added 2 open-position tickers to watchlist: ['ICICIGI', 'CIPLA']
2026-04-08 14:02:17 | kite_live                      | INFO    | Late start detected (14:02) — backfilling first-hour data…
2026-04-08 14:02:28 | kite_live                      | INFO    | Backfill complete: 25/25 stocks filled, first_hour_done=True
2026-04-08 14:02:28 | kite_live                      | INFO    | Cached 25 first-hour entries to DB
2026-04-08 14:02:28 | kite_live                      | INFO    | Kite Ticker started in background thread
2026-04-08 14:02:28 | dashboard_api                  | INFO    | Auto-start: live ticker started with 25 stocks
2026-04-08 14:02:28 | kite_orders                    | INFO    | Loaded 3 open positions from prior days
2026-04-08 14:02:28 | kite_orders                    | INFO    | Kite health check PASSED — API access OK
2026-04-08 14:02:28 | kite_orders                    | INFO    | Order poller started (every 30s)
2026-04-08 14:02:28 | kite_orders                    | INFO    | AUTO-TRADE ENABLED
2026-04-08 14:02:28 | dashboard_api                  | INFO    | Auto-start: auto-trade enabled
2026-04-08 14:02:29 | kite_live                      | INFO    | Kite Ticker connected, subscribing to 25 tokens
2026-04-08 14:02:29 | kite_orders                    | INFO    | Loaded tick sizes for 9463 instruments
2026-04-08 14:02:29 | kite_orders                    | INFO    | RECONCILE: restored HYUNDAI (qty=3)
2026-04-08 14:02:29 | kite_orders                    | INFO    | Reconcile: 1 positions restored
2026-04-08 14:02:29 | dashboard_api                  | INFO    | Auto-start: reconciled 1 positions from Kite
2026-04-08 14:02:29 | kite_orders                    | ERROR   | Trail modify failed for ICICIGI (SL 260407170158558): Couldn't find that `order_id`.
2026-04-08 14:02:29 | kite_orders                    | ERROR   | Trail modify failed for CIPLA (SL 260407170421027): Couldn't find that `order_id`.
2026-04-08 14:02:29 | kite_live                      | INFO    | SIGNAL: BALRAMCHIN @ 480.65 (VWAP=477.12, RVOL=1.6x, down=5d, depth=-6.4%)
2026-04-08 14:02:29 | kite_orders                    | INFO    | TRAILING UP: ICICIGI stop -> 1710.60
2026-04-08 14:02:29 | kite_orders                    | INFO    | ORDER BALRAMCHIN | Qty=22 | Limit=483.10 | SL=471.00 | Invest=10628 | Risk=266 (0.5%)
2026-04-08 14:02:29 | kite_orders                    | ERROR   | BUY FAILED for BALRAMCHIN: IP (122.161.53.224) is not allowed to place orders for this app. Update allowed IPs on the Kite developer console (https://developers.kite.trade).
2026-04-08 14:02:29 | kite_live                      | INFO    | SIGNAL: WEWORK @ 467.70 (VWAP=459.32, RVOL=2.2x, down=3d, depth=-11.3%)
2026-04-08 14:02:29 | kite_orders                    | ERROR   | SL placement failed for ICICIGI (attempt 1/3): IP (122.161.53.224) is not allowed to place orders for this app. Update allowed IPs on the Kite developer console (https://developers.kite.trade).
2026-04-08 14:02:29 | kite_orders                    | INFO    | ORDER WEWORK | Qty=22 | Limit=470.05 | SL=458.30 | Invest=10341 | Risk=258 (0.5%)
2026-04-08 14:02:29 | kite_orders                    | ERROR   | BUY FAILED for WEWORK: IP (122.161.53.224) is not allowed to place orders for this app. Update allowed IPs on the Kite developer console (https://developers.kite.trade).
2026-04-08 14:02:29 | kite_live                      | INFO    | SIGNAL: IPCALAB @ 1454.00 (VWAP=1444.78, RVOL=1.5x, down=3d, depth=-9.5%)
2026-04-08 14:02:29 | kite_orders                    | INFO    | ORDER IPCALAB | Qty=7 | Limit=1461.30 | SL=1424.90 | Invest=10229 | Risk=255 (0.5%)
2026-04-08 14:02:29 | kite_orders                    | ERROR   | BUY FAILED for IPCALAB: IP (122.161.53.224) is not allowed to place orders for this app. Update allowed IPs on the Kite developer console (https://developers.kite.trade).
2026-04-08 14:02:29 | kite_live                      | INFO    | SIGNAL: WAKEFIT @ 151.90 (VWAP=149.37, RVOL=1.6x, down=6d, depth=-19.8%)
2026-04-08 14:02:29 | kite_orders                    | INFO    | ORDER WAKEFIT | Qty=70 | Limit=152.66 | SL=148.86 | Invest=10686 | Risk=266 (0.5%)
2026-04-08 14:02:29 | kite_orders                    | ERROR   | BUY FAILED for WAKEFIT: IP (122.161.53.224) is not allowed to place orders for this app. Update allowed IPs on the Kite developer console (https://developers.kite.trade).
2026-04-08 14:02:29 | kite_live                      | INFO    | SIGNAL: LUPIN @ 2287.00 (VWAP=2286.24, RVOL=3.1x, down=5d, depth=-4.0%)
2026-04-08 14:02:30 | kite_orders                    | INFO    | ORDER LUPIN | Qty=4 | Limit=2298.50 | SL=2241.20 | Invest=9194 | Risk=229 (0.4%)
2026-04-08 14:02:30 | kite_orders                    | ERROR   | BUY FAILED for LUPIN: IP (122.161.53.224) is not allowed to place orders for this app. Update allowed IPs on the Kite developer console (https://developers.kite.trade).
2026-04-08 14:02:31 | kite_orders                    | ERROR   | SL placement failed for ICICIGI (attempt 2/3): IP (122.161.53.224) is not allowed to place orders for this app. Update allowed IPs on the Kite developer console (https://developers.kite.trade).
2026-04-08 14:02:33 | kite_orders                    | ERROR   | SL placement failed for ICICIGI (attempt 3/3): IP (122.161.53.224) is not allowed to place orders for this app. Update allowed IPs on the Kite developer console (https://developers.kite.trade).
2026-04-08 14:02:33 | kite_orders                    | CRITICAL | CRITICAL: ICICIGI has NO STOP LOSS! Manual intervention required.
2026-04-08 14:02:33 | kite_orders                    | INFO    | TRAILING UP: CIPLA stop -> 1189.30
2026-04-08 14:02:33 | kite_orders                    | ERROR   | SL placement failed for CIPLA (attempt 1/3): IP (122.161.53.224) is not allowed to place orders for this app. Update allowed IPs on the Kite developer console (https://developers.kite.trade).
2026-04-08 14:02:35 | kite_orders                    | ERROR   | SL placement failed for CIPLA (attempt 2/3): IP (122.161.53.224) is not allowed to place orders for this app. Update allowed IPs on the Kite developer console (https://developers.kite.trade).
2026-04-08 14:02:37 | kite_orders                    | ERROR   | SL placement failed for CIPLA (attempt 3/3): IP (122.161.53.224) is not allowed to place orders for this app. Update allowed IPs on the Kite developer console (https://developers.kite.trade).
2026-04-08 14:02:37 | kite_orders                    | CRITICAL | CRITICAL: CIPLA has NO STOP LOSS! Manual intervention required.
2026-04-08 14:02:38 | kite_orders                    | ERROR   | SL placement failed for SUNPHARMA (attempt 1/3): IP (122.161.53.224) is not allowed to place orders for this app. Update allowed IPs on the Kite developer console (https://developers.kite.trade).
2026-04-08 14:02:40 | kite_orders                    | ERROR   | SL placement failed for SUNPHARMA (attempt 2/3): IP (122.161.53.224) is not allowed to place orders for this app. Update allowed IPs on the Kite developer console (https://developers.kite.trade).
2026-04-08 14:02:42 | kite_orders                    | ERROR   | SL placement failed for SUNPHARMA (attempt 3/3): IP (122.161.53.224) is not allowed to place orders for this app. Update allowed IPs on the Kite developer console (https://developers.kite.trade).
2026-04-08 14:02:42 | kite_orders                    | CRITICAL | CRITICAL: SUNPHARMA has NO STOP LOSS! Manual intervention required.
2026-04-08 14:02:42 | kite_orders                    | INFO    | TRAILING UP: HYUNDAI stop -> 1736.40
2026-04-08 14:02:42 | kite_orders                    | ERROR   | SL placement failed for HYUNDAI (attempt 1/3): IP (122.161.53.224) is not allowed to place orders for this app. Update allowed IPs on the Kite developer console (https://developers.kite.trade).
2026-04-08 14:02:44 | kite_orders                    | ERROR   | SL placement failed for HYUNDAI (attempt 2/3): IP (122.161.53.224) is not allowed to place orders for this app. Update allowed IPs on the Kite developer console (https://developers.kite.trade).
2026-04-08 14:02:46 | kite_orders                    | ERROR   | SL placement failed for HYUNDAI (attempt 3/3): IP (122.161.53.224) is not allowed to place orders for this app. Update allowed IPs on the Kite developer console (https://developers.kite.trade).
2026-04-08 14:02:46 | kite_orders                    | CRITICAL | CRITICAL: HYUNDAI has NO STOP LOSS! Manual intervention required.
2026-04-08 14:02:46 | dashboard_api                  | INFO    | Auto-start: morning SL refresh — 4 positions
2026-04-08 14:02:59 | kite_orders                    | ERROR   | SL placement failed for ICICIGI (attempt 1/3): IP (122.161.53.224) is not allowed to place orders for this app. Update allowed IPs on the Kite developer console (https://developers.kite.trade).
2026-04-08 14:03:01 | kite_orders                    | ERROR   | SL placement failed for ICICIGI (attempt 2/3): IP (122.161.53.224) is not allowed to place orders for this app. Update allowed IPs on the Kite developer console (https://developers.kite.trade).
2026-04-08 14:03:03 | kite_orders                    | ERROR   | SL placement failed for ICICIGI (attempt 3/3): IP (122.161.53.224) is not allowed to place orders for this app. Update allowed IPs on the Kite developer console (https://developers.kite.trade).
2026-04-08 14:03:03 | kite_orders                    | CRITICAL | CRITICAL: ICICIGI has NO STOP LOSS! Manual intervention required.
2026-04-08 14:03:03 | kite_orders                    | ERROR   | SL placement failed for CIPLA (attempt 1/3): IP (122.161.53.224) is not allowed to place orders for this app. Update allowed IPs on the Kite developer console (https://developers.kite.trade).
2026-04-08 14:03:05 | kite_orders                    | ERROR   | SL placement failed for CIPLA (attempt 2/3): IP (122.161.53.224) is not allowed to place orders for this app. Update allowed IPs on the Kite developer console (https://developers.kite.trade).
2026-04-08 14:03:07 | kite_orders                    | ERROR   | SL placement failed for CIPLA (attempt 3/3): IP (122.161.53.224) is not allowed to place orders for this app. Update allowed IPs on the Kite developer console (https://developers.kite.trade).
2026-04-08 14:03:07 | kite_orders                    | CRITICAL | CRITICAL: CIPLA has NO STOP LOSS! Manual intervention required.
2026-04-08 14:03:08 | kite_orders                    | ERROR   | SL placement failed for SUNPHARMA (attempt 1/3): IP (122.161.53.224) is not allowed to place orders for this app. Update allowed IPs on the Kite developer console (https://developers.kite.trade).
2026-04-08 14:03:10 | kite_orders                    | ERROR   | SL placement failed for SUNPHARMA (attempt 2/3): IP (122.161.53.224) is not allowed to place orders for this app. Update allowed IPs on the Kite developer console (https://developers.kite.trade).
2026-04-08 14:03:12 | kite_orders                    | INFO    | SL placed: SUNPHARMA -> order_id=260408171318401 trigger=1687.80 limit=1670.90 (attempt 3)
2026-04-08 14:03:42 | kite_orders                    | INFO    | SL placed: ICICIGI -> order_id=260408171319320 trigger=1710.50 limit=1693.30 (attempt 1)
2026-04-08 14:03:42 | kite_orders                    | INFO    | SL placed: CIPLA -> order_id=260408171319330 trigger=1189.20 limit=1177.30 (attempt 1)
2026-04-08 14:03:42 | kite_orders                    | INFO    | RECOVERED: SUNPHARMA SL active on Kite (order 260408171318401) — status -> protected
2026-04-08 14:04:20 | dashboard_api                  | INFO    | Dashboard API starting…
2026-04-08 14:04:20 | db                             | INFO    | DuckDB singleton connection opened → /Users/shark/alphaWork/projects/faralpha-quant-trader/db/market.duckdb
2026-04-08 14:04:20 | db                             | INFO    | Schema initialised
2026-04-08 14:04:20 | sync_prices                    | INFO    | [INDIA] No delisted stocks to purge
2026-04-08 14:04:20 | watchlist                      | INFO    | Watchlist: 23 candidates (down_days >= 3)
2026-04-08 14:04:21 | kite_intraday                  | INFO    | Loaded 9599 NSE instrument tokens
2026-04-08 14:04:21 | intraday_db                    | INFO    | Intraday DB opened → /Users/shark/alphaWork/projects/faralpha-quant-trader/db/intraday.duckdb
2026-04-08 14:04:22 | watchlist                      | INFO    | Watchlist with tokens: 23 stocks ready for live monitoring
2026-04-08 14:04:22 | dashboard_api                  | INFO    | Auto-start: added 2 open-position tickers to watchlist: ['ICICIGI', 'CIPLA']
2026-04-08 14:04:22 | kite_live                      | INFO    | Restored 5 already-fired signals from DB (prices locked)
2026-04-08 14:04:22 | kite_live                      | INFO    | Late start detected (14:04) — backfilling first-hour data…
2026-04-08 14:04:22 | kite_live                      | INFO    | Loaded 25 cached first-hour entries from DB — skipping Kite backfill
2026-04-08 14:04:22 | kite_live                      | INFO    | Kite Ticker started in background thread
2026-04-08 14:04:22 | dashboard_api                  | INFO    | Auto-start: live ticker started with 25 stocks
2026-04-08 14:04:22 | kite_orders                    | INFO    | Loaded 5 orders from today
2026-04-08 14:04:22 | kite_orders                    | INFO    | Loaded 4 open positions from prior days
2026-04-08 14:04:22 | kite_live                      | INFO    | Kite Ticker connected, subscribing to 25 tokens
2026-04-08 14:04:22 | kite_orders                    | INFO    | Kite health check PASSED — API access OK
2026-04-08 14:04:22 | kite_orders                    | INFO    | Order poller started (every 30s)
2026-04-08 14:04:22 | kite_orders                    | INFO    | AUTO-TRADE ENABLED
2026-04-08 14:04:22 | dashboard_api                  | INFO    | Auto-start: auto-trade enabled
2026-04-08 14:04:23 | kite_orders                    | INFO    | Loaded tick sizes for 9463 instruments
2026-04-08 14:04:23 | kite_orders                    | INFO    | RECOVERED: ICICIGI SL active on Kite (order 260408171319320) — status -> protected
2026-04-08 14:04:23 | kite_orders                    | INFO    | RECOVERED: CIPLA SL active on Kite (order 260408171319330) — status -> protected
2026-04-08 14:04:23 | kite_orders                    | INFO    | TRAILING UP: ICICIGI stop -> 1710.60
2026-04-08 14:04:23 | kite_orders                    | INFO    | SL already active: ICICIGI order_id=260408171319320 trigger=1710.50
2026-04-08 14:04:23 | kite_orders                    | INFO    | TRAILING UP: CIPLA stop -> 1189.30
2026-04-08 14:04:23 | kite_orders                    | INFO    | SL already active: CIPLA order_id=260408171319330 trigger=1189.20
2026-04-08 14:04:23 | kite_orders                    | INFO    | SL already active: SUNPHARMA order_id=260408171318401 trigger=1687.80
2026-04-08 14:04:23 | kite_orders                    | ERROR   | SL placement failed for HYUNDAI (attempt 1/3): IP (2401:4900:1f39:5dac:ac33:2537:391f:cbcd) is not allowed to place orders for this app. Update allowed IPs on the Kite developer console (https://developers.kite.trade).
2026-04-08 14:04:25 | kite_orders                    | ERROR   | SL placement failed for HYUNDAI (attempt 2/3): IP (2401:4900:1f39:5dac:ac33:2537:391f:cbcd) is not allowed to place orders for this app. Update allowed IPs on the Kite developer console (https://developers.kite.trade).
2026-04-08 14:04:28 | kite_orders                    | ERROR   | SL placement failed for HYUNDAI (attempt 3/3): IP (2401:4900:1f39:5dac:ac33:2537:391f:cbcd) is not allowed to place orders for this app. Update allowed IPs on the Kite developer console (https://developers.kite.trade).
2026-04-08 14:04:28 | kite_orders                    | CRITICAL | CRITICAL: HYUNDAI has NO STOP LOSS! Manual intervention required.
2026-04-08 14:04:28 | dashboard_api                  | INFO    | Auto-start: morning SL refresh — 4 positions
2026-04-08 14:04:51 | dashboard_api                  | INFO    | Dashboard API starting…
2026-04-08 14:04:51 | db                             | INFO    | DuckDB singleton connection opened → /Users/shark/alphaWork/projects/faralpha-quant-trader/db/market.duckdb
2026-04-08 14:04:51 | db                             | INFO    | Schema initialised
2026-04-08 14:04:51 | sync_prices                    | INFO    | [INDIA] No delisted stocks to purge
2026-04-08 14:04:51 | watchlist                      | INFO    | Watchlist: 23 candidates (down_days >= 3)
2026-04-08 14:04:52 | kite_intraday                  | INFO    | Loaded 9599 NSE instrument tokens
2026-04-08 14:04:52 | intraday_db                    | INFO    | Intraday DB opened → /Users/shark/alphaWork/projects/faralpha-quant-trader/db/intraday.duckdb
2026-04-08 14:04:53 | watchlist                      | INFO    | Watchlist with tokens: 23 stocks ready for live monitoring
2026-04-08 14:04:53 | dashboard_api                  | INFO    | Auto-start: added 2 open-position tickers to watchlist: ['ICICIGI', 'CIPLA']
2026-04-08 14:04:53 | kite_live                      | INFO    | Restored 5 already-fired signals from DB (prices locked)
2026-04-08 14:04:53 | kite_live                      | INFO    | Late start detected (14:04) — backfilling first-hour data…
2026-04-08 14:04:53 | kite_live                      | INFO    | Loaded 25 cached first-hour entries from DB — skipping Kite backfill
2026-04-08 14:04:53 | kite_live                      | INFO    | Kite Ticker started in background thread
2026-04-08 14:04:53 | dashboard_api                  | INFO    | Auto-start: live ticker started with 25 stocks
2026-04-08 14:04:53 | kite_orders                    | INFO    | Loaded 5 orders from today
2026-04-08 14:04:53 | kite_orders                    | INFO    | Loaded 4 open positions from prior days
2026-04-08 14:04:53 | kite_live                      | INFO    | Kite Ticker connected, subscribing to 25 tokens
2026-04-08 14:04:53 | kite_orders                    | INFO    | Kite health check PASSED — API access OK
2026-04-08 14:04:53 | kite_orders                    | INFO    | Order poller started (every 30s)
2026-04-08 14:04:53 | kite_orders                    | INFO    | AUTO-TRADE ENABLED
2026-04-08 14:04:53 | dashboard_api                  | INFO    | Auto-start: auto-trade enabled
2026-04-08 14:04:54 | kite_orders                    | INFO    | Loaded tick sizes for 9463 instruments
2026-04-08 14:04:54 | kite_orders                    | INFO    | TRAIL UP: CIPLA | stop 1189.30 -> 1189.50 (LTP=1213.80)
2026-04-08 14:04:54 | kite_orders                    | INFO    | SL already active: ICICIGI order_id=260408171319320 trigger=1710.50
2026-04-08 14:04:54 | kite_orders                    | INFO    | SL already active: CIPLA order_id=260408171319330 trigger=1189.50
2026-04-08 14:04:54 | kite_orders                    | INFO    | SL already active: SUNPHARMA order_id=260408171318401 trigger=1687.80
2026-04-08 14:04:54 | kite_orders                    | ERROR   | SL placement failed for HYUNDAI (attempt 1/3): Insufficient stock holding or there are pending sell orders for this stock. Check the orderbook. Order quantity: 3, Holding quantity: 1
2026-04-08 14:04:56 | kite_orders                    | ERROR   | SL placement failed for HYUNDAI (attempt 2/3): Insufficient stock holding or there are pending sell orders for this stock. Check the orderbook. Order quantity: 3, Holding quantity: 1
2026-04-08 14:04:58 | kite_orders                    | ERROR   | SL placement failed for HYUNDAI (attempt 3/3): Insufficient stock holding or there are pending sell orders for this stock. Check the orderbook. Order quantity: 3, Holding quantity: 1
2026-04-08 14:04:58 | kite_orders                    | CRITICAL | CRITICAL: HYUNDAI has NO STOP LOSS! Manual intervention required.
2026-04-08 14:04:58 | dashboard_api                  | INFO    | Auto-start: morning SL refresh — 4 positions
2026-04-08 14:05:02 | watchlist                      | INFO    | Watchlist: 23 candidates (down_days >= 3)
2026-04-08 14:05:02 | dashboard_api                  | INFO    | WS connected (1 clients)
2026-04-08 14:05:02 | dashboard_api                  | INFO    | WS connected (2 clients)
2026-04-08 14:05:06 | db                             | INFO    | Schema initialised
2026-04-08 14:05:06 | sync_prices                    | WARNING | INDIA market still open — skipping sync
2026-04-08 14:05:06 | dashboard_api                  | INFO    | Daily sync done: [{'market': 'india', 'tickers': 0, 'synced': 0, 'failed': 0, 'new_rows': 0, 'newly_delisted': [], 'skipped_up_to_date': 0, 'market_open': True, 'message': 'INDIA market still open'}]
2026-04-08 14:05:06 | s03_features                   | INFO    | ══════════════════════════════════════════════════
2026-04-08 14:05:06 | s03_features                   | INFO    | Feature engineering: INDIA
2026-04-08 14:05:06 | s03_features                   | INFO    | ══════════════════════════════════════════════════
2026-04-08 14:05:07 | s03_features                   | INFO    | Loaded 1,147,554 rows for 1992 tickers
2026-04-08 14:05:07 | s03_features                   | INFO    | Computing indicators…
2026-04-08 14:05:35 | kite_orders                    | ERROR   | Force exit failed for HYUNDAI: Insufficient stock holding or there are pending sell orders for this stock. Check the orderbook. Order quantity: 3, Holding quantity: 1
2026-04-08 14:05:39 | s03_features                   | WARNING | Price coherence: 1 tickers have scale-corrupted Yahoo data (>3.0x jump):
2026-04-08 14:05:39 | s03_features                   | WARNING |   AQYLON: latest=43.49 vs median50=139.75 (ratio=0.3x) — REMOVED
2026-04-08 14:05:40 | s03_features                   | INFO    | Price coherence filter: 1,147,554 → 1,147,057 rows (1 tickers removed)
2026-04-08 14:05:40 | s03_features                   | INFO    | Quality filter: 1,147,057 → 724,138 rows (422,919 removed) [min_price=$10.0, min_vol=100,000, min_$vol=$2,000,000, max_price_india=₹3,000]
2026-04-08 14:05:40 | s03_features                   | INFO    | IPO seasoning: removed 16,383 rows (< 60 days)
2026-04-08 14:05:40 | s03_features                   | INFO    | ✓ INDIA: 1858 tickers, 707,755 rows after filters
2026-04-08 14:05:40 | s03_features                   | INFO    | Storing 707,755 feature rows…
2026-04-08 14:05:42 | s03_features                   | INFO    | ✓ Features table: 707,755 rows, 1858 tickers
2026-04-08 14:05:43 | dashboard_api                  | INFO    | [india] Pipeline step 'features' OK  (36.2s)
2026-04-08 14:05:43 | s04_rs_rank                    | INFO    | ══════════════════════════════════════════════════
2026-04-08 14:05:43 | s04_rs_rank                    | INFO    | Relative strength ranking: INDIA
2026-04-08 14:05:43 | s04_rs_rank                    | INFO    | ══════════════════════════════════════════════════
2026-04-08 14:05:43 | s04_rs_rank                    | INFO    | Computing cross-sectional RS ranks…
2026-04-08 14:05:44 | s04_rs_rank                    | INFO    |   RS vs benchmark computed
2026-04-08 14:05:44 | s04_rs_rank                    | INFO    |   Sector momentum computed
2026-04-08 14:05:44 | s04_rs_rank                    | INFO    | ✓ INDIA: 1858 tickers ranked
2026-04-08 14:05:44 | s04_rs_rank                    | INFO    | Storing 707,755 ranked rows…
2026-04-08 14:05:45 | s04_rs_rank                    | INFO    | ✓ Ranked table: 707,755 rows
2026-04-08 14:05:45 | dashboard_api                  | INFO    | [india] Pipeline step 'rs_rank' OK  (2.7s)
2026-04-08 14:05:45 | s05_patterns                   | INFO    | ══════════════════════════════════════════════════
2026-04-08 14:05:45 | s05_patterns                   | INFO    | Pattern detection: INDIA
2026-04-08 14:05:45 | s05_patterns                   | INFO    | ══════════════════════════════════════════════════
2026-04-08 14:05:46 | s05_patterns                   | INFO    |   Detecting Trend Template…
2026-04-08 14:05:46 | s05_patterns                   | INFO    |     Trend Template: 8.9% of rows pass
2026-04-08 14:05:46 | s05_patterns                   | INFO    |   Detecting Multi-Contraction VCP…
2026-04-08 14:05:46 | s05_patterns                   | INFO    |     VCP: 68.0% of rows pass
2026-04-08 14:05:46 | s05_patterns                   | INFO    |   Detecting Darvas Box…
2026-04-08 14:05:46 | s05_patterns                   | INFO    |     Darvas: 0.1% of rows pass
2026-04-08 14:05:46 | s05_patterns                   | INFO    |   Detecting Power Play…
2026-04-08 14:05:46 | s05_patterns                   | INFO    |     Power Play: 0.0% of rows pass
2026-04-08 14:05:46 | s05_patterns                   | INFO    |   Detecting IPO Base…
2026-04-08 14:05:46 | s05_patterns                   | INFO    |     IPO Base: 1.7% of rows match
2026-04-08 14:05:46 | s05_patterns                   | INFO    |   Detecting Breakouts…
2026-04-08 14:05:46 | s05_patterns                   | INFO    |     Breakout: 2.5% of rows pass
2026-04-08 14:05:46 | s05_patterns                   | INFO    |     Buy signals: VCP=2,553  Darvas=172  Power=0  IPO=14  Total=2,559
2026-04-08 14:05:46 | s05_patterns                   | INFO    | ✓ INDIA: 1858 tickers, 2,559 buy signals
2026-04-08 14:05:46 | s05_patterns                   | INFO    | Storing 707,755 signal rows…
2026-04-08 14:05:48 | s05_patterns                   | INFO    | ✓ Signals table: 707,755 rows
2026-04-08 14:05:48 | dashboard_api                  | INFO    | [india] Pipeline step 'patterns' OK  (2.9s)
2026-04-08 14:05:48 | s06_regime                     | INFO    |   Computing market breadth for INDIA…
2026-04-08 14:05:48 | s06_regime                     | INFO    | INDIA: 4438 days, 66.8% bull (7.9% recovery), 33.2% bear, 14.6% weak-market days, avg breadth 48.6%
2026-04-08 14:05:48 | s06_regime                     | INFO    | ✓ Regime table: 4,438 rows
2026-04-08 14:05:48 | dashboard_api                  | INFO    | [india] Pipeline step 'regime' OK  (0.0s)
2026-04-08 14:05:48 | s07_signals                    | INFO    | ══════════════════════════════════════════════════
2026-04-08 14:05:48 | s07_signals                    | INFO    | Signal engine: INDIA
2026-04-08 14:05:48 | s07_signals                    | INFO    | ══════════════════════════════════════════════════
2026-04-08 14:05:49 | s07_signals                    | INFO    | Loaded 707,755 rows, 1858 tickers
2026-04-08 14:05:50 | s07_signals                    | INFO    |   Watchlist: 49,127 leader candidates across 490 correction days
2026-04-08 14:05:50 | s07_signals                    | INFO    | Applying signal filters…
2026-04-08 14:05:50 | s07_signals                    | INFO    |   After regime filter: 565,909 / 707,755
2026-04-08 14:05:50 | s07_signals                    | INFO    |   After breadth ≥ 30%: 507,038 (removed 58,871)
2026-04-08 14:05:50 | s07_signals                    | INFO    |   After Trend Template: 46,906
2026-04-08 14:05:50 | s07_signals                    | INFO    |   After RS ≥ 0.85: 16,138
2026-04-08 14:05:50 | s07_signals                    | INFO    |   After excluding ['Utilities', 'Consumer Staples']: 16,138 (removed 0)
2026-04-08 14:05:50 | s07_signals                    | INFO    |   After breakout: 1,127
2026-04-08 14:05:50 | s07_signals                    | INFO    |   After pattern filter: 612
2026-04-08 14:05:50 | s07_signals                    | INFO    |   Fundamentals filter: DISABLED (market-specific override)
2026-04-08 14:05:50 | s07_signals                    | INFO    |   Injected 1,031 watchlist leaders as priority candidates
2026-04-08 14:05:50 | s07_signals                    | INFO    |   Composite score: avg=0.634
2026-04-08 14:05:50 | s07_signals                    | INFO    | ✓ INDIA: 1,643 momentum candidate signals across 267 days  tiers={'watchlist_leader': 1031, 'vcp': 611, 'ipo_base': 1}
2026-04-08 14:05:51 | s07_signals                    | INFO    | Storing 1,643 candidate rows…
2026-04-08 14:05:51 | s07_signals                    | INFO    | ✓ Candidates table: 1,643 rows
2026-04-08 14:05:51 | s07_signals                    | INFO    | ✓ Watchlist table: 49,127 leader candidates during corrections
2026-04-08 14:05:51 | dashboard_api                  | INFO    | [india] Pipeline step 'signals' OK  (2.4s)
2026-04-08 14:05:51 | dashboard_api                  | INFO    | Pipeline done
2026-04-08 14:05:51 | watchlist                      | INFO    | Watchlist: 23 candidates (down_days >= 3)
2026-04-08 14:05:51 | dashboard_api                  | INFO    | Watchlist: 23 tickers
2026-04-08 14:06:08 | kite_intraday                  | INFO    | [23/23] 100% — 17,296 candles total (15minute: 11,385, 30minute: 5,911)
2026-04-08 14:06:08 | kite_intraday                  | INFO    | Kite 15minute: 11385 candles
2026-04-08 14:06:08 | kite_intraday                  | INFO    | Kite 30minute: 5911 candles
2026-04-08 14:06:08 | dashboard_api                  | INFO    | Intraday fetch done: {'15minute': 11385, '30minute': 5911}
2026-04-08 14:06:09 | watchlist                      | INFO    | Watchlist: 23 candidates (down_days >= 3)
2026-04-08 14:06:51 | kite_orders                    | INFO    | RETRY failed order: BALRAMCHIN @ 480.65
2026-04-08 14:06:52 | kite_orders                    | INFO    | ORDER BALRAMCHIN | Qty=22 | Limit=483.10 | SL=471.00 | Invest=10628 | Risk=266 (0.5%)
2026-04-08 14:06:52 | kite_orders                    | INFO    | BUY LIMIT placed: BALRAMCHIN -> order_id=260408171327043 @ 483.10
2026-04-08 14:06:55 | kite_orders                    | INFO    | BUY FILLED: BALRAMCHIN | Qty=22 | AvgPrice=480.40
2026-04-08 14:06:55 | kite_orders                    | INFO    | SL placed: BALRAMCHIN -> order_id=260408171327170 trigger=471.00 limit=466.25 (attempt 1)
2026-04-08 14:07:56 | kite_orders                    | INFO    | TRAIL UP: ICICIGI | stop 1710.60 -> 1711.00 (LTP=1746.00)
2026-04-08 14:07:56 | kite_orders                    | INFO    | RETRY failed order: LUPIN @ 2287.00
2026-04-08 14:07:56 | kite_orders                    | INFO    | ORDER LUPIN | Qty=3 | Limit=2298.50 | SL=2241.20 | Invest=6896 | Risk=172 (0.4%)
2026-04-08 14:07:56 | kite_orders                    | INFO    | BUY LIMIT placed: LUPIN -> order_id=260408171330029 @ 2298.50
2026-04-08 14:08:26 | kite_orders                    | INFO    | BUY FILLED: LUPIN | Qty=3 | AvgPrice=2289.20
2026-04-08 14:08:26 | kite_orders                    | INFO    | SL placed: LUPIN -> order_id=260408171331464 trigger=2243.40 limit=2220.90 (attempt 1)
2026-04-08 14:08:26 | kite_orders                    | INFO    | TRAIL UP: LUPIN | stop 2243.40 -> 2244.10 (LTP=2289.90)
2026-04-08 14:08:26 | kite_orders                    | INFO    | TRAIL UP: ICICIGI | stop 1711.00 -> 1711.10 (LTP=1746.10)
2026-04-08 14:08:57 | kite_orders                    | INFO    | TRAIL UP: ICICIGI | stop 1711.10 -> 1711.70 (LTP=1746.70)
2026-04-08 14:09:28 | kite_orders                    | INFO    | TRAIL UP: LUPIN | stop 2244.10 -> 2244.80 (LTP=2290.70)
2026-04-08 14:09:41 | kite_orders                    | ERROR   | Force exit failed for HYUNDAI: Insufficient stock holding or there are pending sell orders for this stock. Check the orderbook. Order quantity: 3, Holding quantity: 1
2026-04-08 14:10:29 | kite_orders                    | INFO    | TRAIL UP: LUPIN | stop 2244.80 -> 2245.50 (LTP=2291.40)
